<?xml version="1.0" encoding="UTF-8"?>
<testsuite xmlns:xsi="http://www.w3.org/2001/XMLSchema-instance" xsi:noNamespaceSchemaLocation="https://maven.apache.org/surefire/maven-surefire-plugin/xsd/surefire-test-report-3.0.xsd" version="3.0" name="runners.CucumberTest" time="20.028" tests="3" errors="0" skipped="2" failures="0">
  <properties>
[...]
</properties>
  <testcase name="ingreso a la pagina web" classname="Pruebas en pagina web The-internet" time="0.0">
    <skipped message="&apos;cucumber.filter.tags=@AddRemove&apos; did not match this scenario"/>
  </testcase>
  <testcase name="Ingreso a AB Testing y valido la pagina redirigida" classname="Pruebas en pagina web The-internet" time="0.0">
    <skipped message="&apos;cucumber.filter.tags=@AddRemove&apos; did not match this scenario"/>
  </testcase>
  <testcase name="Ingreso AddRemove Element y valido funcionalidad" classname="Pruebas en pagina web The-internet" time="19.946">
    <system-out><![CDATA[13:49:33,743 |-INFO in ch.qos.logback.classic.LoggerContext[default] - This is logback-classic version 1.4.14
13:49:33,744 |-INFO in ch.qos.logback.classic.util.ContextInitializer@75459c75 - No custom configurators were discovered as a service.
13:49:33,744 |-INFO in ch.qos.logback.classic.util.ContextInitializer@75459c75 - Trying to configure with ch.qos.logback.classic.joran.SerializedModelConfigurator
13:49:33,745 |-INFO in ch.qos.logback.classic.util.ContextInitializer@75459c75 - Constructed configurator of type class ch.qos.logback.classic.joran.SerializedModelConfigurator
13:49:33,749 |-INFO in ch.qos.logback.classic.LoggerContext[default] - Could NOT find resource [logback-test.scmo]
13:49:33,749 |-INFO in ch.qos.logback.classic.LoggerContext[default] - Could NOT find resource [logback.scmo]
13:49:33,755 |-INFO in ch.qos.logback.classic.util.ContextInitializer@75459c75 - ch.qos.logback.classic.joran.SerializedModelConfigurator.configure() call lasted 5 milliseconds. ExecutionStatus=INVOKE_NEXT_IF_ANY
13:49:33,755 |-INFO in ch.qos.logback.classic.util.ContextInitializer@75459c75 - Trying to configure with ch.qos.logback.classic.util.DefaultJoranConfigurator
13:49:33,756 |-INFO in ch.qos.logback.classic.util.ContextInitializer@75459c75 - Constructed configurator of type class ch.qos.logback.classic.util.DefaultJoranConfigurator
13:49:33,757 |-INFO in ch.qos.logback.classic.LoggerContext[default] - Could NOT find resource [logback-test.xml]
13:49:33,759 |-INFO in ch.qos.logback.classic.LoggerContext[default] - Found resource [logback.xml] at [file:/C:/Users/Usuario/Desktop/portafolio/Pruebas-Selenium-java/target/test-classes/logback.xml]
13:49:33,836 |-ERROR in ch.qos.logback.core.joran.action.AppenderAction - Missing attribute [class] in element [appender] near line 2
13:49:33,872 |-WARN in ch.qos.logback.core.model.processor.ImplicitModelHandler - Ignoring unknown property [encoder] in [ch.qos.logback.classic.LoggerContext]
13:49:33,877 |-INFO in ch.qos.logback.classic.model.processor.LoggerModelHandler - Setting level of logger [io.github.bonigarcia] to ERROR
13:49:33,877 |-INFO in ch.qos.logback.core.model.processor.DefaultProcessor@183e8023 - End of configuration.
13:49:33,878 |-INFO in ch.qos.logback.classic.joran.JoranConfigurator@45efc20d - Registering current configuration as safe fallback point
13:49:33,878 |-INFO in ch.qos.logback.classic.util.ContextInitializer@75459c75 - ch.qos.logback.classic.util.DefaultJoranConfigurator.configure() call lasted 122 milliseconds. ExecutionStatus=DO_NOT_INVOKE_NEXT_IF_ANY

]]></system-out>
    <system-err><![CDATA[may. 15, 2024 1:49:41 P. M. utils.pageUtils log
INFO: Boton Delete aparecio correctamente
may. 15, 2024 1:49:53 P. M. utils.pageUtils log
INFO: Boton Delete desaparecio correctamente
may. 15, 2024 1:49:53 P. M. utils.pageUtils log
INFO: Funcion aun no disponible
]]></system-err>
  </testcase>
</testsuite>